-1949625717302686476751347210729466628550061
12960048009844681705162
-7445527827488074095787595270210211630466442
80272826922840353712850
-2363933176068024693439185342400576445608692
-25212419240743089096268
-4201409973816533972284699980133780581192497
-50324223608619284503514
-1682188842650908525876279938812410287808793
-12015353765464500632675
8452030918939706331769240217291165314503930
6189608627892185737293
-1525037269637124812214210203446245824380110
-32562027050261033661941
-8219563256895263532780634835765187903948236
-95763529047114337235424
-2526302282608308993131917888251585128383688
-24722702091464030819681
-8562172636771265751176613656510983525742277
-99138260788346199693945
-8385231286472518488372310345219379347642525
42584871696922657947576
5108924273108544603074912027792511964900693
-79248612214242106519989
-9954772400551428074893826845750535341270910
-6585101743729077524179
6999083180768089156320920406904594342463215
-24646043002854778807035
-2225503779363895223906767912859239958268382
-13809321354453101035327
-7063384610509253345797148300632126885758655
56847270222533223975226
9922588365023822141767594702905347310082174
-36831577589767128068135
2599568208196630341778240548413844040251282
25065598679169056986050
631187703793914154991499887565891344227892
45879072302713718285125
-149824647549744991004841374906145263749992
69258392609361707213395
477784287240958414560069338423703458310657
35482601225157771910508
-1225706552071038096048195535063648467071923
-77969284990936005097133
-2280693693087089767611564579413259237991659
-35873788808032669107946
1006080141474771370768348065655851402434927
30854762277283250475498
1779488255039492421622964536656951259615897
84564156582033881720489
-9730542538651401053723154633961328693181049
27626689653156389154693
-582457635564876846470067343603856557756514
-44212256269288425223095
-999444464749441600794214625959493084079990
-3242719025956534322325
5269264363936994780614368730814257488439329
19052354534137636015279
737322895401786879395649265143926374419791
9028364613667756436222
-4543860959654114550491007405025448520416233
-1836844879137089594034
7839211488423813954557627081841719685686314
15535542154303102451127
-5289383874778526044705514778187426242110842
15646375247433273214382
-2695843043557874871537252564912898667476400
-52718782271084595562755
931301699426872106804988632089428855874455
16112580888679136734646
-3060564658290028036520284736741192274530755
39366959108226269863136
-5268829332223077180602045569625371599630566
87996607738969041493791
5879763886948697684539906083206782479618984
67509703881485375240798
-5832512273120446809790821397749335296940859
-89197013463310036845080
-9523504289235862334699682053630524818307098
-11841584852506842100394
9548621936175519962212541606323501859820209
-97666821702270389606684
-1876933288831931725883298964783131272194992
13699045886561971589031
5217174796030498715112640259071503103589405
-12362636071669829756023
8613218237257716931295810917786478694139628
46756978780762253475003
-2278447200881092990664803382337665492181503
36376040538037838765849
4762303736351874733226686887265888489765054
17154760219714222008231
8470055732019724522731484996078923013759926
-91781079138769049853242
-1998295764772330915079613375531892849680620
98799130901035248584359
3061272055917135087714769982414169479000851
-40129831507038261068381
-6056292291440427666611182126205735464012299
-94907242761854354088410
7586488590771676492927048401609505719107605
-93388264873107117569922
7239903607693451097394967367374339906904453
98763150076024896384656
-8361627649455807113507347428245085178181154
99661035860279137729105
8748023291016656822470965360687706722925465
-25926416769575808828025
8126177879744535575728812401861734425963240
-620348015226658901969
-220370064048651626481534031706688213978371
-52005951448440667750193
3182037041175217362779751452870560714621412
-81476063547970211035049
3682813169234713877783196796859235872660816
59843984310262198405352
8945513211118256674537752011125569025024052
24487250330612941849289
-1439701466278533265602705478956720768548444
83376130672989931067880
4566586762564190778852815272096691854469134
-46076535389373466625831
214292002987057564048587454347561965287277
-29501818706606252042406
-4226807816597157922695980116092328088820767
-62411402167802940999252
-2737570687262736869785017338637056435382775
59084426951124258522514
1111194280114249416460645111788845873212977
-915399903075230789035
9654348980773194227129664468861633541956654
43307264403294418929748
6192821254959404329690523567816033597014653
-48753143958747474039181
-4039955656612103205569379100847709528020175
-53075237407501528869750
-8806691347737047860443452716642871446947408
93444832705457435302145
-7865167485588733016619760623459632393725955
-97640565623258979184928
-7270096157766239156996024711839842515484173
65682882476992279359841
3132341216236984982064824234227148681868860
-91105910321186332388156
-9654900813542204293279568578005507143332980
16525776692214236508094
-1271594900605354888720091315289511730869934
85983069760324526291679
-7946720143076155652319292854968004622638159
-1959186422707625159460
-4423790124600001448908383728853646374846255
-11274185080596520634704
8932545434020474495642277651648057399215880
25100425474085489305285
1325949292963007900098977127651401491770348
-86072545895625783957826
2403241210710411726043525867043467782856983
-51050587550725955435754
3055513326031013280124502271946776370260587
16437360977781467291773
3209502501953743658493426265570715293668099
21927389430245965312570
6094242426163453544617317751019208292818178
90227822533290586409620
-7707097954611441558519217105501275786708546
10535363484353020793478
2685517184827130024203235325539030228515800
18675328856580328729662
8500747555741377402427496439385338380788120
40555055039197027987567
1840728718582490671540367745214091817901928
-10686238899321609113100
2288464009592637274201312186767067833695607
-54949158943094266970785
9011128010366959845356294597489350973078456
-88484294278081243618976
-9750926064070062334191449802896448659185437
-57368992929211246441975
-1909364403338846712148887255259486779242386
-35942897199754320667221
9653687697265027955551055840968497539174280
-17802362168260699844619
-5039034550189584965064276761346272186432367
64052622878565719832856
-2097743435762127115512731566408991036629446
-32656785969007683487401
-8053442242394541623554993952685065084242152
89835273595831159829088
-6085525926597765787224421215414204085188189
-85337683748267044729051
-172940264019811714232045904087588006083106
83982809920348744509533
1457897658181170005329437539714598991592488
-45473656891792191355744
7292356870758410158738192385540378032426061
34046548247135543216602
-8262095734877157281921949704423416202207343
77799973001414887177769
-5404246771494556261779100201974269938728708
-67495237111110495375691
-8499767453501891418224847363005450677775908
-89403643097306483074134
-7688412361820677867800121958374121491756197
19693419538044909272326
-6920744590594150163981042725870286884680705
23866473239575850549040
1249461064182605428408065699951088280446253
8436312086971032101491
8144691422686859875985958261373989554975438
-73501010075605186811319
-4393150161282770506444912902357941862779035
-18921664539667869793453
6289153838594272784694281263113476721628634
-63820057066760327503095
9406653140843543350184323950406413042098658
55273886684807356059995
5861664930295565823831605510803162628911656
-62770482435698114530484
2021431033740888989248327366938130071977150
25168280632782656571678
7293148368413254843779133346061143498062171
-9797858506320489798575
-5423284821941114209045913608373468526491261
75603617212898999248826
4364611668660193793961942781723444782076327
47226540262817001500446
3098436550722259885637148887406952317037062
48579359400436371455412
-460089950655557566547736931642052414958064
-18935506483733408181710
-5583499829149231626716026720733444121337268
11360502425059111544337
-3795438599059026629521404973880624822538074
5664124531512535146977
-940011955445412198702799455999347538414452
-92282264003993397081853
8493273938107182611218830442216836996814842
73449450810289680632384
-6465136678584493173856541228214233610980216
-98119000675821664488036
7700602879505642475605472671216896387248185
43887412157057820098308
-1904493470276173523992647695377558552192953
58876644280022598491196
2532113921363315547577728482000364535038628
-51463386991532411721099
-9928536225053243845695673953258995481199284
96952363992077755872323
6654262575278173803769293631899930651440188
-46107424443231591816783
-9015793080794631661956879955146825219168653
31182071967621585930215
-6775087967714828518471678878055275529145104
-14056312850178653335026
-5938672860643632310898831613926329473076342
-66998670889699422074021
6800951719772690854186766936666513086321631
-85936787975371675840956
-2439125384420908255787827059963048974001517
89352082090512029815703
-8197381412584279060386362209801649558558575
-24745513530116761992284
-3984920393188337915466898356760184074155772
-591011364571602310113
-6864366023156578283665617494213957116778864
59599574012723936817738
-3386283175486021260717109891564622434236733
52785202173028729045151
-1073136779751726580323087410659231726432495
45631695748035919462917
7279066806947771405868602784592279431344145
39149807517316138031634
-9907896896394550172546097674308278538531135
-35798382107474102121675
7062031735048491820117589272131112979904003
75014241691254248170772
7364329454996849671742345343523152466471721
-39806085302089864921206
-8994204377982477551344539067599415081964427
44319641556443685047384
-8440202845291349013888346376111724908415705
-75112631173931517821126
-8053116276912428645313379520557671870721085
-92255233431422896530533
1490884412949328152398326066381499025965808
47762145906630750092935
-5095277141727665368118097865621195915492985
-97898405917471696258151
-9853248260956388702930276828707821689130310
-87729481985693591707708
-2372637725578145416089761222024260602483787
-3057757877460409128668
-7103999396464550964262346360213551928297996
93383166574532825275025
9987244263944932287643866767258953518031742
-86894592198673391877357
-1247472820163797151023937720468509579866885
-93191192321062898930981
4599297820423117594408739051708401250111248
41451022576770270951314
-3892782892782977493387446342094236924031537
66672370997821965651767
661041960785210611496946363415222196289371
45743683683942247395719
6856421287519865907913982507056325629005542
-89349534220487569543835
1942814041646009231553119446521557420821116
-63780353067618221765339
2029454234510697119073360897713264871174638
-49315990441691449041713
5176067635972149124720840477012239877688767
-48323713382319286836400
-4499404480820421286532428453778636760327834
-61951782703409950538957
5000420737049029004381993760991466832043698
-32540767704160011631871
5722506309247185724206507229709113768589876
15100429400555161275269
-4889812355239211363199472434640544467535814
-95566832398529276517387
-4003236220365920026138832052648294785637522
88922841262158885269470
-9461406497894395684541620560112814621725452
-12202769261784451121077
-8547452919782709659769533434130378945596995
88415001499459656701906
3152721136398261645452232706457055845641547
-17690293703274153677523
7295805356348328500663245141998890592692653
-91823736540814415401032
-9934136390544114897801262298369102596871422
-68312682367602083482457
-6990858925213316641337110700350146550099238
-33684724725148896877666
-5900742232105891114563752241105153184585440
-93377817103201142367152
-4913924974482860126351838969809024455802284
-50446274310001655992478
5270571225246029757811728148699805221274975
83416888758108096867232
5650706719802474111569345686189700197595996
-41060055203738565129596
-3376855030432630496534375643219535028398195
11791459756154113252979
268023541555619988107743406508300788011009
-50586459641896629301335
-2414022144958038982486049649252366929882527
22258614952283150031083
-4851024453709337771079580894061134059853399
71010870392161769154975
522272213516796582914948679416297837446112
76635677913322835485928
-6483315193967622408667463277567506098932251
53834316207143991981915
-8725761573020540591015180002389726785208583
-53844799973662181607519
8395231920707569364403455226386944375467031
39056246805202503896419
-6423849503683931484823941588534456393107023
-6946755272716287061312
-3922233725453965139509411291076211779309008
-34061018064774877206602
1046304369473809763278901371612235708386522
-50905340030692690298452
-6819279448209247191735891191327156951678466
34485823963459287188423
-8552605482623998249274637788224907127050249
-99600507258661075104272
-6938800187582272396426688928382597990289180
26109729029930069349868
-1205061774250927496326638541830486703619181
91673067544254878322070
5482733466817760181167921715879046330021819
-91503904275800462678323
-5900579922044508791077150583019017959838337
-93699250248207887557731
-2394436755339865138228168524327067027911066
-81861945266597935339334
3745273161116759724609577114433999350393946
35988480692845168306146
-5808224470358809089358513888198928157212291
21873662109114270021013
7055327298861930854134113109314314169626257
30859750158297808332495
-3765605466615332527851038624120878295006564
-46834637862382931056137
-1347011836291298576251365669351354363812535
91988892237447389513802
-8178625476020246975614861302815448136591697
54682929211047036392136
-3748417778697918808118074098264130324271040
86623715871089667595787
-8583577606927807439198689359356453886651736
26968697957782551082838
1041499421576719807903085361642551320616486
78986806633234492593434
-4099074776101105837365717707403197400799763
-10748532262090692158720
-3692235283096352921607529838775164566064633
28193098075599580650525
3643188569128303608718944779819668039589037
-68144905146655986114177
-7181471000140664572794572837889525576063350
-97138289171115932338128
-6128394258000355041557910489056691774535333
65938248577497847256462
-5764878036141760500938846213705144914150296
72580607642951021685317
8987302847404866111228100751811138752586830
71439196357123226657253
6247128102113977812255048757411705948249959
63291248610878764210259
5380150421678306900927588405634926783773613
42970832055912954754737
-4603709275032243951650360628792045655497686
-89021849090325044705599
-3722971729568894112101422715099170476066675
6355500126106640339964
3963333134003176367033415982676924662458076
-30507233417588328014730
394367131931932822209559030919303576266187
89200239229632933705005
1353630625351050126644056874839490168585808
-88389746507911937040991
8886695836048191148948640122497427353578961
20342096627246541591380
9228959737326334283914790916117703957192607
-8586502509921084181701
8156864630068222639732728872935094220223571
24114635740450902992445
-7935252212495360554613385494654709252128006
-86157687645840463453796
-2308688090966612918760243598042738756010436
-39945361715487991215925
7455724994586855332448357772250714799447559
94275398569196757743891
3715837880856862235113362748185857756751354
35923114115935032211441
-8539672048057378242707008805203447665468995
85507413444502667676081
-5970400803486724484742776001899204801820616
-68760212435499145570956
8219952146692899623658864968721616437535352
31521184584892678115792
-4679921578828390055019458844489969240964382
94251554376919137776710
-3218305876187774629127250650310909627935806
13258279472421712516181
-1638002540532350597479489445354960895716455
21799699511836456236770
-6965948039725966443273939638326081468684641
-6513353846672752572324
7669536541327445405648884322222372542728214
-24314722235692819686461
2273051610059463063163706883751429265670522
21142697329857763203453
2569928295162542085641756096940693828332960
12653044065299680811652
-9904399199525057971165243143537124404541862
84223447891285600852939
2817826710350454634887924675557420997039880
78246356453238277133696
9252466147329351769423673799014963937014878
-52401685386783624607122
-7630383540008034312912139205321678950949943
68937357384856315670782
-3124885018145737811725544318780069356692358
93448565081894585536981
-8942388019813733050816300510809680680181431
-30178787548370616893916
-6167674504327285198338516467151792958216262
71994534388823633631063
-4436789896053583376812590670304791824738193
73658386998146876132592
-138443801745995152703042954551646160543879
-387848939944283024628
-4074184793018821724635536155834093302165891
-41465737284720893369004
577244627344594934856807296449887772619778
24443734193375155935106
-2632896064435057286490613280685228509281156
94951335826812325022693
-2022244512720254777470120667794770269621693
-17446403167356649616267
2536652999256740584529587006246146166078838
-59363511832646365493407
566708583745932765784423480481720895659921
54487507175371259374948
3292928511367486032309819696597631224026965
48597825733741481044433
-664699227055834886665592451687564772182519
-62508783061762882517166
9326325254155429337424467785446847383850464
-98635349835976060420881
-6997798855305262594823202962379278276394448
56973604493963917547788
734843327274194519732549957929725512105351
83558339115544220525152
8013376915867015743574737749640955747890369
71185808565831841074592
6250011403682067472417275549995420113336087
-54243614123681327793231
1383498203493784255236067460287177548535629
6820408288659092616579
9233100918208911267646958070241011033948738
86444188706820640757979
-4914488966833494509932726965529759931611543
50208035823834101641654
-9734093092327333868438280667388312208203207
89502672091161542275495
-5974196743806863065016425205485069810106483
80542493672769739653832
-4512814501461632788350706293190817054653169
-61796965706306349664197
-724425890060208331535315951753070707916624
-77648853649664936678975
3870283974254658693063330145566591452958826
3928606500665425525011
-5428176901854240128665075752044864526881728
-83268193264022970244747
3605917188380346552015859635517154771960578
70472864801729879559468
-703445549507802209053949598739634888380712
78972405706472221954352
-8612210381182938422562906002457693311694495
28106340757300371890440
1596072045393003809067761983322968584719687
-32232131300662733527128
-9120089458117861587914494802363862783695983
-95142960331600434420733
2543448760734342902382083068983496304698025
-78500319200692491785430
-8493102337383608893597738836450572486811642
26053467548347027112879
-2371944560286724902011072924628862664781202
23072865456083052996344
2498064631979766976422368457557718459816121
-30015435602946592038282
-6472969673654991255004728496687724179102497
-35701323975762974028865
-1457369045760714535296536512122699235755892
45623580019566232416106
-574791098518645595298466615616685183096019
7219593013477714504369
-6879878848958307234236042344944861974479953
87569397739198969335521
3010734507043499654998201779762878627421146
68088269192363150540748
-8366392519273535491131282309830374962606731
-31757830960321852353381
-3926607308760484493321942990946657847368463
-62419111511855485999410
4019405472919256420079035205330743064931943
-25544132360484949372180
-2445079215760510434304295142707467245888488
52818920172036380633431
7853990977756904390283933097297146120349421
93584471595276976606312
6290106020194258983124310031475042740500532
59045050370926938493542
7403992798872301973410276685774249330901414
89918490148619707696465
4374052450082419305750414710172469716150489
-20098663133873050209810
-2235947572662136481373555725704259449623256
-72514137597964788225962
5134665223182586742328209200138643697706733
45981561662625620001681
1208598386224471932732656558477040492970851
36319806113768045657655
-8922777683519342741181744138559570780838763
98745334893411836606081
5118372652482457072240789135701859571934210
-54020951670669953014127
6645331535861654199932456805238967689663609
61232559179819427491371
-4577418082085601342278075904297751048560447
-19883633492335748242476
-9517589987203134201099115044278739664425879
49674134881731160866075
-3560305454824645316439388928107543961399546
-15867403225264608206300
-5843207482807495307300185769563602366531770
42723422547243109044974
-1013987324270254257018908871759116233126657
-92027406453745162249013
-9899284504928675947726161559971815950782633
94847657108024539125170
-1747090937960169200055113486780847951059291
-5572379617305506262050
6992005086678051201049282666355668678406362
76218777013757815400513
-7438658531683936813627073558533624372394027
44595677701106738721171
-5169331772955630796589985648040033240259934
23340363365635046912343
-1939386945755092741979647418130471934594120
54389366921545302410435
4566855360159432877484264298530889323037158
81760745112837820006816
6600555986825935986096702580955827541709785
81500411116377061959631
-4168163315731416686598420817511831143267948
-5837046191859472987416
8849272888616702970363136542498724388679762
-15910349532701167230906
-1158375244555290682029752337422746920094413
42000663007310445114701
-9449339096387829872185795000080642602888389
80361367986811024552077
-6410160110012936734463768008202564708835160
-92335490385083638930926
513504596486843943379090050986911459022225
78399583718189310192972
-1061850052952947217115736597170300547387762
-80163586208662929282985
-4943859907929343480571036964226274443229802
10001988561091431988218
-2994182748732820858896178026471710556640726
-6644668918609043040619
-9221325463552130023520623073074158837969538
-14228635687339628822325
995536777378122029174823288026997267542200
39059526709352776070501
7666771480420979067729136009981526933998702
-32508202438704349772785
-4244424370366284686026986796318865725057361
42243108395426272795973
-4904577109560181337245287188920166887778085
-60439041851782103743268
5867387556260896535887157486127074912829737
90617224714773446433743
6804356094656167620435304538730778566741653
-81062061190230205000986
6635177126914212229090915105356326554285849
18991953442415496135765
-1105085986729927778824265722308901154373301
85597842497551535155758
-3815056850430160628744341935641517712706241
-81313437640368491890925
8996389408901218386504619472642935781331140
3467598410980976394034
-6169488928314350561975054845999565902294624
6191869293756449445193
296384691271359451230687086542538021385608
97574878105604625377082
560505939969985563253413804343400485570697
54886114454531943918420
-4615439060874875170105829630973326429307917
-12385737498700080994896
3991201453675752057922864129588867126962688
70243267866230145815322
5894972327610273628150536678718376033520163
-928856685234098552296
-4055889871664647287358531319081279562960841
50557748693431296068232
-9075527686719939699694765637760649460279050
34136978411934518065563
9900724899467717211542987981368371428745870
-38591074749501488524208
-3307964598415591272514672771080095135665386
-12091048341259809595234
1004571185687994662850832801813917645779194
13258514303245287740350
6838112794885353337427646715494222855182108
66291097476331568911729
-2846999338936311152329648095186364546183620
3821647916259609159668
-9088011861381639584067734529447757701917118
33391646098138997660709
-9367007665821007799581308783488586697477209
-97808711743908505140112
-8699325145359242267425817793617346039531123
-20906801954204866803552
2184482821842665659928080855570797975461454
16094646650136904442828
4085179840707439347879276822028590866335015
-7459572497343262118358
2707915591879732272501181730761453955321786
-86733829750138256853777
-7837132104373707370921217257510826667526773
9635211350352556489903
-8353720656102598955503951827462841047821349
97504964800139267852960
889399657028098039406177585577629672582708
95860919633197979679783
-9878170913318864439655523710510822688143899
-63106794802239422741054
-6254413757885113353532182864243393609686102
10015618708950255150153
140584812177602161914501807134537059455560
-13417824676010541614936
-1948976843998015967263269867992149066014507
38776950924236590369014
6134696614559379765763677158227245826198735
67050549460789072746813
5740103887714994495702218854295147575385397
-96064795186030127302679
6293018638174928556463520346176089472172097
-22383476038196525043417
-3592156358009177603092884678988774897102176
-22361219461677526162990
5437465715398589391955594891931444915492721
61863500571299672653543
1411182505209217351522733666618764830754332
8320977675119949309891
-390362692781345155394850588706293256864359
48945075568220160953916
-2551240473405751376728628122366181822942894
-83242329221356168311985
-2884086813238640051581214322856272908735195
65000250778724163483403
-2167171840183520875179222706328884597981717
68271879178806193920386
7829048563543433245736577506806541779918802
-61030713778653654337665
9049112441500544073763683319695073411983085
20122968862253794315237
8801325088233273090750410739555049222952519
52219412863851069639852
-9539616839316209519835891192918650852602679
-26366617534613201851444
-1507690381217538860266056398970137710381122
-31363774441853785800589
-3698267943862070920560889134477031105065097
-1896376553355949653242
-6087814866653717244595637030460705922148465
43246481443619845622496
-8896336903442971641238559676057809831203751
-11490809740639650013372
9005956001110137874987034650989420779967878
31945470709177057885572
-906211128449210184759014612390961764820217
-95089094874300172892945
-6712658528897477182580565224953005964052386
-77999268154833754783954
-6872558045510080553328136224260098344443438
76580271641356120373824
-4358438374304637190667229062787097016010221
52541807811106065707925
-2940425143457419131271827389391890863973949
65343650609734736855593
3799916414514865707973237455247925998992796
-2917803067156120627031
-8911424966401670912588045723115216146145405
-54518206272949809179386
-9755407118163357249081309747318281488276848
-5039211111412130739686
-2029902923779548351791538242093681099959016
-38149732333867069614304
1723019748625925239477292270323670630661297
3251718949522796204415
7131155880322552398817119756381695404789870
45622800397787781028689
4511123444987905575925518903059414174804294
78593295188163941240193
-7018148920264821911205471189002506771281920
-37290031182752536234042
1630747828810428038688236381374753462922851
-43021460565049373734861
-8268054336301631118940262992779638345624462
-55922385984581212223322
-8491567656082434964965387179112486275977162
99283317968055090897748
-1032351229890394244156048768226050047369532
69368402346317392954807
-2533240310285791248255535741648339225296641
49417633037219248363741
2064118586529865030264933123374387936756874
89189318418540721816591
4605819672752530682743814887649693428290546
10303816976825712877913
-6319241937287433786004394668475801048596437
25027955503627775265492
2488757280393173064954255796694731405371401
-57004777678134106934981
8371970162692043367010131570617911317159036
-89493856089678990646039
9627175671237903344237479918329278709877839
-70380150728402622473755
1724878789069691201192301204734412838104341
74080377109579176085569
-8714898583816574680099520702352990081488553
44267098197771558456491
-2775176077233922618182260501467917482710882
-12046786768811482619772
4390896416402505337192821454202688479075056
-19484477311178104103480
-3871587327738463907491157857122530169814112
-90115342157820176071898
388056009233485280794096430950914803927201
82870699509103997485832
937270475437107404278914162801067697511511
-40677392652901932623761
-6314812207579830006938809004672352237941597
18549047081639909359648
466440392411483950963319641965755812614708
-35877068119530641886011
8805925385053290390613084864230870811370119
-10271053847785526893809
2705493208347784556336745583169413662623327
-77836659264050942861972
-5929814853444552633768059160805646199514117
7429314075356895463523
-5011753181651967446624329628914998798835974
35100767063466477531930
1975085419664629654702494864687958587682289
98695890868108636904949
-1790398506908971865385354244869507329394604
99071379841618720601861
-5133731115205857384574924880807511619344685
87969065633051520832083
-8556935326210073293230160100318336280813913
8986149891205862967073
-7743449846047831620699266440308803512079321
-26709009361457747288325
81152240861384611248996338703814015671495
75933692594891709700303
-3119323180308923236880503303850855277264071
-62879961464154152609585
-5887127106899054812020242491139934911948395
-32989721396017811203880
9656725620398512378569255404839675387873790
22707287706020589669922
-5328538871508088253591554951372315237968599
-33868343900882803758605
2276177654928234157208611990724123486482255
30509525644275114435599
3391748851495509116100796580947265189539527
-72964066516982626875372
7418513329238326002951754159951969216700334
-77735886620152915750173
-9669053322019345288306570796148520710414361
29413906311496785884277
2102767623378293898175668946485916912078645
-12391838540214948497589
9805025112145364459031897499219732740531736
-93574411390855893147694
-4220786440964951131481514098305354386303138
-82116426176141987577954
6844648149183077653084097801377950129029898
77030033103323375385134
4722753972382858987994964790835703602776342
77015394427606273143412
-872363701988967391478268790285310696264196
59883130160811343901472
-3432925099660648595399955925711865399481270
70575002487980935056138
-6564663920786437563652675446294949013105539
76192235518588358089391
-3777635269700367799935137272954613672091898
-54968136580300750641056
-1199223457271410018250020276298625795618822
-45949964087504867277953
446166162414528166838480233976566526109518
53970285909562347277166
5761363597231088591239533576786682823393499
-16984940837127949003831
44473719300263079556793660987594180368091
-12875424974878239074670
-4761657252135170082285569078709546982193958
-15198754440832850685602
-4492905281129562704815476747574943553830916
71834710173146390577025
-2784835112559536036667793825190916109089884
64472617030802771425036
1985836115359233572670160721570841019687418
-77538290947432652975661
8391566978093778778083564897884339369570008
34844617849920278051409
-5900379120725498591083364841239377988738241
60226500639727527144821
-2920347894311667418539269350743699517397668
36402636112692787163781
-8592552260820330031430039581441752092719861
-34646519408373501272501
6047468294869289947402009267900885605677380
25024284236090976223142
-6107161892451302557083620628075946361784497
70450465898116046196101
-9749806184100413543438515649246034117797584
67720085736291904771496
-3086458487124871633162373303692133801600133
82596230694955057508812
6005014689377948667309196593289327723121765
-83679959431892235577348
6338076858578918529487417642645581484353045
6137291074895067069332
6495906046453911669916136971783526624504156
-39573751296917024757504
-4282931699196257219422005479883872040775308
18610586195259667355352
3832428937798591769246629061253842896685522
-45754038113454487006671
-3359459635062493147749886842990700821381095
26832237101285500179063
-8539076942484400265599505996416942890239541
7768730250010706073502
4027391286704940670349467606250497655599963
48896634099263450350121
1251288591194449752177612617824484886315175
94231885898919340049456
8398798474872782379989079685773663397977206
-27502211467245051108147
9685747326849972815753304189844502761656647
47874154489229237764060
7301478925070925833167270674166778331815042
-10491676935600867322518
7908957710810453496554790940728363383329992
16573421757307038824873
8687945619275018715911006290268734239571120
54001012524759911082295
-410543462783260842441952961110352932695796
-98269407921800833094333
-1617575256457743233112285503695106439631834
-60057527726804327883873
-5201094273121613573711688690673703387791111
-43766463358909297872848
-4284730903794901055288417080211889801810251
-45277187713000425466743
68827835094731694207446003443131496077035
46165663665646297439682
-3012522793874963054927934698526458170640547
-87438754017452334715361
-3665466310342311112785478507849166209263836
-9499674320836049560171
-3501887677925146844877446301306168331124588
-64846625235669306990856
-7467010959588400212855150603440684914127304
58810195938755697026496
5533186738314592258127797940884487717829989
-20181278757109110266409
5506140046972103699772712895431956708975834
-40255189713991416187018
3221072482356906490180965033156672607532781
33631273334039702767731
4780000921312486503481538666046298254528240
-19352699875976187792086
-4930525038158972437260592633558447222628118
91668332456786524177541
-1821617824743468660518682592622268143550625
46244728109761436185887
-8724481564949186852222127214484301736683206
15693423155885769578168
105392539247348678949652689016512444874421
46401818647905830685804
5012738326101859750720830320129358252976339
-77242250879283491320158
4093860675388519333111483915844335962335840
11137623004426261043467
7371267927280626372478812930501916345556087
86821155181230627178635
-5602419908464348780924512343266607633077847
14529017206214069116353
3739854332641747337860623457512682188616490
-38844974932076347828896
-2493897358688907784224015897405153449696294
-94022837651136437051412
1534935717306181343497568822823843070749691
6818632891016505807583
-6151967191744620513317093115728631565718165
-15008178062529896974140
6533021541483792285908129949987499983615957
-78058210909883385162284
2832785836104429309174057194567583616016138
-72800938226641909906166
-9485809113810887848896266177598044806909937
-42630114430827565390099
-3999660928878398871148701538584854198907294
-16120705642005226084938
5751943953344509214825176291368761843862923
-31050115242979425416238
-9000405439991023674033108086151242845550866
-71184129444123911960641
985801128594893006101093990637328166762769
78909582357618673222785
7531432552956576610243568629879720000325874
-73889221514889722528453
-5606850477407666590461123437524977388106228
-56546147662835272815505
2756700625898018526766774088503468885224315
20401810711210867896601
-4763483179037628546338954612700471534854361
-73617127649944050667174
2492946899648046496931266190555706278685524
-67372024110479772390520
-8371904759961041308250244399105315152388939
-35114500330841740711349
-1913413991935026726456784487507145465354326
-55393347429247373237935
6412858444684037379190719642711542165912663
-12812370896284129066265
5659047938071459029236926421384867587092269
24248517219094621730687
99492859829849124547569656170718408747088
26269177411987511731176
4353438844220623910148166302893893724160286
72897479959752653070571
1032688755062692355037675184232041408798075
83677949113558756911519
-4610436264598700754072058622140172234305237
82369347849061441699288
2274730855946463304668770767730283463824169
-36371453304580890729669
-1012485905763752202333906014138253331132356
6290304279076152005764
6702355224986378620581419298815726001622290
74167008633337128785861
-607544225491547559085119032443503207872896
-84076363315753852705726
-159097729145485323835926271570427580056629
-51960049875562033228022
-5578991359391622958785457015849308542748402
-7252285127300337110031
2945551907964494811509446049771931013212154
76896969988582232302511
-1564293693823355283933726619385048815189747
11012218990441051748560
6295933231465969845637250229998204085624500
-56230764990887615378248
-1843987421333252886702683242174930735772700
-45978088424443393102765
6699119081589716882706601021702328479194754
2200598933542641871007
-7124753144838926765563098040004113954427876
-40370062604689136068959
-8766180651519415078720464778749313273110959
-85587372217490974259147
3001524017210088104796645319975127656359160
30106006021281323646884
-483872679473065058040435753566862519180591
-40041762162434350243230
6781830161159952777112821553589841271984706
-20008317544731459169730
-4019777521908420751636474792028507880492332
58526875897429487034274
-3611728219009948545033857894871194816468541
-98160918816754616575128
-6459647587875749166130005091509661601305866
65302438857439379079890
-9401476716614751697391725555723065263298046
54299280250569026718381
9238747301040626780461605048912545960931428
-31943994072621727189030
-5063638928211940009378556890146848384513349
-12955961045907393857386
4808830166971797545285398457414382584752324
-91985286081815397732948
4557303396722928979127927407625214878316599
-27488673782476812538376
2344646308251190503913117142523093741355998
40889700088953932381380
-639961728116444858688749670581335824825854
50554225835545285000102
-1475861253773280661287738950420897840111785
-98860180214633963508022
2977898234569429038547807689654385005040302
74673573240517421314133
5500377847593910810619903188598341387862417
-6406075456625677832107
413248420654936481582799160004340327543587
12926172928030595873561
9706389360661009713015589196552311904207642
70238602371770395714018
-199112509890917344422538073309690172602457
60411809218914704249930
5209895189770078466841713083522311461971810
45833069237222649687163
7836347345496357216172677766775404688560394
-64870031758334611942984
-8521000004621033109099808269778917366108234
-15780514435689751722768
-4167141623123802380375470673948343645529657
-64414324868356913136749
-2575290571952171191819975029250764918962271
38604016158491306890789
-654230196690782342757424456992695115801157
80074836234016269599809
7121731129323918157048770641428083441269129
-87655840504551640732593
6431984698946637263775914540441636409505927
-79969185576437660013510
-48124937028397364607810347369420234780742
-82736656054726863958203
-2465234182443562887444923214634352615767281
-23033775224388332580514
8143835427889085209911626207573708579038837
23331824096805982982396
-2568005835825924393221036317528214144480282
-73678598342925314105325
181490500596264880848198226921259988277977
-890739457014259653076
-8845419411659769508748650978816992716685003
-24617240315451519694497
3110324326269588889906989775146780718402700
36798520065503703558062
2119047768876495518732248032663113583607235
61215956210189771527420
-7969640987139447695920781747843421483564805
75178712413099621947988
-4317964284411148655013701675835116823890568
-60127835361131575627703
4449749381996822383934409790564361441589851
91193316139117645276090
-483578791883101326037974181440172468339736
29393030952384860166160
4324652045880347979724208225128292332058779
-57364617178457332073875
-5048177948533380835612616394362037336090067
-67423560314905349154128
9284825387133052549568074383513989001876248
87453261951903024636427
-9907422749270555776369526696095677542951885
9267529794545843027163
-8864921536494982987582390717657720812680938
64491713040962164209389
8475144024509914519972152953262945030731464
13026153273648562601879
5682301610592574508198247531193707500660211
60760604977235599837751
1613241933841859381079737457842287728198261
87620943789774873000351
-3207360296528161178114861740470013868310410
-80366961715712291968053
2310435324252012027004674637480130434082904
33474820100860988797352
-967504312527580494678860645884910973325905
-98286537039092025449711
9274933375321864980281822656655269635005563
-85836295754787617315818
8820330693789596274232968013440775238786124
42075417974060554738894
7895841645260598163594737453785393047987600
-1141298564770708929620
-215184324775122728903668224457100619420342
-43601185545476929238386
9122155097042406826384993447434683857869200
-62371684457683460464708
4822990290541615419024559958430986176607603
-54369740302316135166319
8927587658728213598192647660411992782873668
31201186802031586917816
8989922490462264370721379887818680276602006
85779968415406681181230
-6008287717889533290314129578125608378569673
-58976940222476644154607
-6168696492145251313511948706847253113849093
-76303065889576227164384
4384149448489704916023899197996602173173821
14576408828781230418387
-7634699024409758815047027151773400940113058
-94684432330778922532187
-3340014717926332676029667492685349586731493
21625609293880698662066
-3799672958631282945678344759175222825308575
-97640002662609881490189
-6473633561996344563835985725862387477456505
43082576308867332908495
-2176983915797228967830911063380904212174318
-17417061732321868030830
-9162652602446659051347212640889461027669254
76778542250216739418284
8498696389965819330193210697950509930224180
31788110035319693693630
-6035873700907423674262639975665178526893849
-97544812706614081233317
-204515910772372255348279219841704250840029
-1502355148712373009470
9867232698708588961549281927299292279854048
65209339942880718387189
446096393829435002775334526087081306896916
38818562926056319183389
8313839455474269981970906057869414860358405
-33638499602505610415109
1290353140869745738739815591724769189181040
58003852178887073058829
848854900011095029331402458049810078597625
95374026061290979006125
-6125949037320130607617430825839717012753770
17613497362253635494588
4906374055942208871920339220972683480780104
-53199805764448714328623
-2512564391356353214691719560168414603984431
-1211343660658917744359
-2361996677787878430350780677994811665990779
-55052748774969505947469
-3982346071398624614976742413451075193610457
-61947487339742972185658
9584304877978572963499335799837742238848469
81465124656569354789448
7583788086212746872380571181873290522661283
62414851311903186058118
9738075935721924254382694702879359434628830
20132568074922617318910
5434606353393699928130577899075535719981686
46697406859147130615995
-7558616955811361305780654203125261406978273
42440117379523340103250
-6279178310487696293253462482545300420734011
-38021422146296370370624
9672635886256575450202160464475244821154623
-7012742471620424436537
3050513639661251507912724592033940588144984
94918615222266919831056
4413970719100185377628788630346385632154876
-93867778457246986253816
75564060622256841578013105517283145310311
87328894716848198011883
392848914387108519199355682038368518306387
30096571128783031306006
-3721650190504330781247028717081868238580785
36153486497022894533901
9323816431529359301728413154322401882584736
36092465602534995196683
9190870088754809036477196406696557006614838
-41048952214042365337683
-7426797616585465379678575139623575415011779
-30584018732058662623105
1416048433247237741856580795615397753207552
43366819672372830617050
-3524619480286579204142133396952714020693556
-36661711199423873870786
-3141882699465032608553268173593564535247319
-90420715710764752675572
1108075965359508994168092135909077270741877
26059508754200346065903
-2628364599834634511239709549380257816712078
-61670330358803471071418
-4401244401409221168520930956616530631632149
8911795610049133873050
-1296649202312995924964001536267667089257802
-7090466088441214176785
1911628736542670331967137070328543051909404
19430819594009708712109
6947152218852191249108165614125389334814748
47903227733626941287203
-8222533506498488249470421280182648738536181
41818612446894268172658
5295363844485551678832654847118718489158391
62028719717194896918591
5855747570650406378798824861609267481200108
32127088210893926818361
-5159687139938544568616407760619788083846122
99999118005061459244099
-9142139334429888315574870660343841937912686
61140555881928333315171
-2611394322483114901977727973644094877211322
-43086000070603634623615
9930796521671545203453514351713832683451171
-64227458671224366794077
6924418020017018372660129125328641103410656
31274893842849092411419
-1476625681771110857333330287677087682976070
-19899766117054227887055
-211097388774389705830151902748542095430515
-50972783188753554818339
5173528219532462864465066886485947373287556
70581589997877190439495
6719741586317256995279802200129600631937421
-69402659608018744720909
-5072314343683048464718452202218668384241997
75035080741637265925502
-9121047977544067718915653959501208463583790
63266622569312628214335
8945077221126995947398855882812823467804975
39366532465083915413546
-4009474107296955972065020660723101198661925
-20646308108516576986963
-5331276699179108167127313944353870439985791
-13296530571567164710011
5819852722460692220010058931522731185589892
-15782579764852617661777
-5296040699245734155868157405948747511442607
-81898942492672421016028
2629098066357619339665938475845455549008937
-39723169078839450880461
-7863957963728689252842143171556322558151556
47996795638347291330016
5782589103093847466132565340109728097410718
-77839393894774682131879
-2704364608559265475599827669284487115203030
89891363297719690296396
-4997604904704526799214343589540443587963527
47524208953886529830253
-238064652275664507932137859822829077876688
95059948476460851569245
6663944335760827540249204623137876338111037
-68289273494914757399272
-5238767635261850489531371681490018908307477
38183563296866140044113
-4485653936341873949906193475257286400441993
-4330854654850391723638
-1975472752181939050041506627656739891715421
-48249099116012605271506
-9803314841534862521772110660402727794173016
81285642742773522112597
-8898611096053301536469667678428126795351596
-60229855598762020383907
1642466609595166389425529030078115998183266
-75117520414284943327279
-9851613072962728251320663371844973467893967
-24232216810394756059475
-5873494965058164753763929674647023433177795
694890544532281909417
-9068080276181924402309105833429293829527571
90517983894037599913311
9982269520023998100792584795672554491654134
39463180278953496097136
9241126215258297314686513915382862279988985
74158802851240032813705
4110835375553937397425720436099336901465941
23779985739265505156758
1008297363403617482710031869865866108626077
-58356883261739155863762
-8962527827155277784840084520381008458112513
-851694230678832630661
-2032349819527594549850919790155011644039862
69109631502888432847542
1685178207154788912064742992503723449735166
-25167438033497766885231
9226838783804838878591934478332538242202122
-7656034148099186869517
-8890884381662718084649230290803473805388970
-38835772053119430926575
-5676763246213627301362959854999690618574163
24207648059943630413481
7762391316341882903341510268545208089079952
84171937410339915949293
-3745855894240962842916296517474377349365832
-84937257612180605454618
4165088971797344525093370893314551129828617
-9430691097355390517028
-8957327007347330885456465026264867026321350
-15790375511865104469563
6595010467830775760943072950078862450730324
68816886863015238516511
-4168970844111000452855643568596334936383377
20074717387983141772108
-7530091899753926754329484278381047870176813
-7114655392249963494217
2096218533080571412951928296745958282420466
-61021433372431931859006
-9877310993020673715195167152710189220795969
45271053360963346341483
-8561529774131317295499814607216041974832919
39398034913813324854283
-8344238278823594750184564262243646240053226
-13602402540725320915051
-3836756791945044258737458586444197003827632
48884813976057787559243
4376297939464788789673774291537502545413218
1903828628936683095714
1819094280897235688828181596674868072798126
-92262442767624697117280
4519107852317509100861163880349995355959166
-31299323596849669715737
-1490697618126812628370754673133043396674658
-75887947290248524106096
7729441949829287440390480874143659557034684
-22674070457221944652309
-3837035349291910631144074072697476433007504
-34794331528341393878125
-4265599986191045551037475128678114217421612
-42233083665555338020658
4122874443395562167157556025760637487161207
21562900882344518978457
-2764405227676649860358623112252188720339239
80469049369655365784541
1508551955955190704530662920300540269267056
55038056845788052753615
-4878635175345134092613049919156548486543794
6018135228768191890065
3207268982928650350516502045877762322551951
52320214872132296046234
974198424967553352492554709022002672226349
-28863589039983492907210
1300497631774427887600989482175428602463532
-3338683164600997332046
9905419757520034910409374971189178976379272
39687700022169707733993
-7668498640081733294322049662208410938837739
43055543972324974219583
-3976185977017207199783004307996649211347984
-37058035884513128351448
-3276117496229088033293448657951416879933348
19184544227481125087211
6915940729665738084242649390493096726730540
55549529058667369850099
4177855045263718543581283622125403676079618
-22856477304397231105399
-7467953252721037481717491018237283384109337
-22270835926627614589612
6491692103598513737084768754865961318439543
-13961189228698152607314
-1427944920834472378637928236907277521699764
-41793358884628378325811
6183947589410667319010968521289499326636718
57639588990290330637684
-6428532653932872347573540959793591876020581
-42186602057619894609320
5155922253753042152329646891552925054959228
98898290245641944099532
-6153670820055816504318283873923810332637878
-91033639215315020600746
-5709677692568156698795969557248619309914933
41987592150569969091609
1828274341664705750543728701989116257140386
-5587179100147387010563
9468881021508892704781107411469690817614572
5321443146177830077806
-8795468496307905495551463927665061156047343
-15229477482776430348842
9986405366868948251242853445572846893595529
76522669025186198013338
9311994455270244226822303628762372784858110
32628743223591189145174
-1182897826905915292031355969547729768806770
63176633051249509797272
-4651741267168688249793732050883033650602343
-23464303063002801554556
1675466611984245027337732610601515774071425
-14228043952556635733660
-838192980355674586411634904950811579628234
18173618248415236570452
3056919304551096819180547113276188773594636
57930077006872646294065
-6775790809534056620926288854965893101609757
-11216809314340873153910
2403443192369893184462620902886207793001325
83997578686645673494911
-3629119976600026429105557578773177022206229
984997160622231149381
1303566143237742540253349469265325810276391
19769086569931841201404
-1387435103995028666395092820228157313395834
-39569690762226119824855
2288706315301733237241318178581038943915330
56723631173081712280412
8690243370099219524942664270065343578281606
-64353025700390809501485
-6803182697711934929000118535807386960966764
8443012147122750215559
9333835680716799856784830229776634731035553
39654796832044847175835
-4383338631768144375661219956214836854425738
62368205823974367766659
-5742296788141061388719870815077105051308572
-703648883742486043803
-2497257971327411033185081473627606051340038
31120930093704926503658
-8987688012638428310990338067795638894809604
-3792105632747462688461
4428865383212762387796527906047641949909611
46719434623903497468151
-9145536283081352338417972479191807336590275
2489707568481534673188
-6680366543427331710499201343826247569480982
-86453241286855785873160
-9022443978425964667342359557666514420155670
85146210863564851192747
-5718044350362529656290807726269445774112538
-96810831904477301394439
-6975892229352023159247526103156373353761961
76774856569928679151854
-5069264488753057783816947002437634003783684
85548138141614902660871
7319759231570018987697824012408692881413292
28653259904470345862403
5057522730930051689339978980768473426920686
-65549689183468150634480
-3016424508413266632738928261337028372902613
72103986014019374410690
-7409512254011740641749412053563761159643880
79797256189428529909031
-1123890185455108375377581197306029346409068
-6351901669116011415202
-8299653526633410263664308080325535544205883
3511398423399780894176
-8588224597312288360541770457669906669074407
62429505669646799147308
4029305384360557290841516990339845357517586
70366951909378463259038
-5849395598471591198797842823320996743170217
93288040608681113576696
-4187631227425543288945156297770761673130553
-54734292317798871985078
-3427288079900014952408683079220773493376695
41286743874876171450155
-1364166562183091164798569365587965660058402
59448311692948934022741
8613877080353275556346180808757625413752527
45951122576954779568099
6464052694385271364456263007099029027461703
51072824184062459801732
7353396295153236609871882686418427264130438
-87829489657524461798319
-3824417072582186602546751032800064838646785
-98824737242221205422643
-3722568909134008190126547702705296767182293
-74464088476638122486733
3626563082254811566208573237435399137368143
-65598301860915359392289
2259110607789810597306771652470937447018770
75979852555596751719458
9157024380514991208281443276899054281858624
77606286488841436552929
-5947551913104251947910442893797442247129719
11583274453425166934027
-5864224862135121189190391314179050089244413
65399051239152171910498
-6474903036332604222896069731478208174733288
-90849035934992048872961
-311322119686676464142339794682909207541089
-27477865747637752864661
7448646953226619651695972743566873701019260
34288702010603513495997
3365412114037751321292870433067941300812667
77059576473751685494439
8779613012017368428388415635381663524911214
21885757982493834395125
9888100375914853009756165268857650023537842
-52218315618124887650046
2373667651352052332035292776484935795177210
-10848894343036802271081
441735731821172600112441325163510636213434
-67986280467768910281608
-3568917301963672340167509388598056343002453
-11979901451530871749209
4921288168216071004690536785835939246429163
-1921638004776378791720
-9534565887268358070425172324468259193207158
83945504720119765746101
587451362367731802313187652095227486616568
7051829618829851031187
-9162910439391531704349277300772756907102279
-40645830351629678282369
1945311681706572421617305800975953094445065
573274376278498939572
-1964665494446293513206575645222632351883127
-76756204749712297924164
-416560360049015997690716817184007389653069
38004890532824314989230
8663750437810653545929560837404319635860822
54950780531915585553286
1483547224130128135932470414317884975425565
53472048528328506805843
-1403180949733291220293385569271499782575269
-38571241703023104256263
-2712424457653034626633866836655807252405985
-81920158238023409131260
172259494169925119164964064125444982056776
-61469190448592668204969
7216213741820914627715518309387146265416522
42273888230001437535480
4932914565029335299807938268566431349067519
72177160721602330226811
-5571251595967314732694905370985670019505117
401922876938987773292
-4865448560251552923712852819282125302999146
-93477704036380803760706
4405559310349657480661717088250540274374786
-7550206717151984737852
2769366926291872549536785723870593833878379
56299498658226339070617
2499707058998667594154518014036277064232652
56482981543707683105781
-7915073148665632169585815174773266164827863
6606254724321839123142
7316632435530303793885427410227456733547211
-91825426484659632662653
6192484817134565556833327383763574552246128
-45762636865866519339591
-9780804860443876851848922465356944234255664
-4951567510888033286937
-8344481891033079755330400344231843320050602
3680173153821991623051
1214809135175539796763000515101830285460939
47041622946950123014538
-3827406053983619593762336782041254411187045
-92193160637186764201034
-5556594185972660638502915029618770840029138
61857846434325925615101
-7678933233778364258345256958282963994201681
-73556216697270371711397
-1865756348094148413911715364004242400850856
41522853082219284758261
5851485210906015347198411053988344568560410
10277319410674399186213
2812419269096395002363934794162375677723011
-12642142978576692573188
-5774771361377692885432976071728054138877544
-36068136289508711396437
1166313507610713831758305077812284097768296
72547835138112334356623
4583337860850742522401947360775294241686596
22465616037242847131700
-8905861428210335326547529705990041108535214
-9602529905627309849095
9533320272383605161236673048379251362208939
85099781680359065080468
-7615917845562496597514758127405709593429564
91989167810797583992396
-6383573663876100977751464177988727886120740
-30673560677024802603978
-3234090167552502197547496529301579211457566
-40992646146175193344420
4917870190679528326749695216233551189716779
-89779875662696734329651
-5678043672617709649299950320380368652469157
-2611369531915896469419
-850300446349176986845995024456532892924093
26569961347225592739479
5625737508553356055057826200070937156998003
-25324240464016689208441
9345379812079007415642938305753922296783156
48335517114398343853349
2402633945206889520419538806384664951094662
-5578375951007095751869
5424490747344475498182341194009483618206626
-67306198981020014105485
7481469790219156357426956195688899924678923
71473264773653931502332
-5854900108830340939610659396706424833915252
47513173948281357758013
-5260751502069178401477352535448138673985431
-57978596320814811198807
4648698171454104938941437134889468995394930
20607967036235110122596
1859790605428179727052229042493380230013694
-73224610676460955764237
7036180213979625064153839454969026233868199
-81325717683797304355107
6258589880951733700947652567415703035653594
-40698515014300801916444
-5159050452752786922024443945265093535513762
83270294036468464951663
3724535991105454321121174872504460493034133
-30363022085906228484584
4537338216542845133388799902099364503406879
10009962934201837819242
6336368495602964876650679614353833624280444
816748459173694648971
-4146411252979722584734506167475997835589574
-92254300101149942689571
-6502222621172126666850195487323557783134927
-37609937642417110692805
8066604894639182246788476325064510547298191
-4017697058281892334880
11992684472009080635202540810390929436505
-76902031401243453291585
-5898644232113763316849811892342024562728426
-30446478889447869621108
-1051235952290137168395020344178261326065753
-452659458362677263154
-985673181106627869133103038916430155479633
91937033255259754841288
8702334180752794044943178577392172237465792
-29464004740618138069339
9229348487549571316847153616784904614492810
-43774680763158112545209
-4428342783675790711857223560928162754802769
-75647237625197871158323
2083649802031693879605596483167987115443287
-69038884042469316661636
-2883996330106026755051695079341160211764278
-63719245473457906416957
-1568220414351750721994520211670831642259324
40137084544837174559690
-4772324441271855766426687446912657338481932
-1784719104026865246406
6297250540859228930771843654784260577401228
15435685032250435830613
272927165274929863184312732362993392744151
-396638979387167668262
8441154863604767030227326203744291801717349
-88838269101807031172790
5125022453948466136110936715186498204207960
63981025508110974011612
-6162202866386701078257482891502543800078877
-24135589259282078965643
5139154394005497608740750202473019812037557
63535755636057182842957
8541648926988278546025989730926220490720180
29503543763500380900236
-8565416605916398296277295551405666888492221
-50525937873448323304665
-4183329672264969157631033605631452117924046
-79434121027463455687251
780993763416551884418752189973683337642476
9647792392329478884812
-3107021417160594924744670078957484066599050
-53165643841857135033052
4437317001020979735687243300452050675720538
-48660063603378604057735
2286427664301345205301524604691691485868589
80343494883797230966457
1660450642148935408565599534777656534419333
50545922874428119681610
6420467330325754552973475962918120660501985
76327201251354092808162
5197595471576727943427847878255219791201042
23290225821506919400638
-8476259837930650671401770570526418350878396
-54214039537816226268114
2081884953516419712235131350545666215016441
19448053819951124201890
-9517327456049495688682321033974221258150566
75802309454155843563077
8279362994952714860790588147128519787429520
93809012960770757829857
5262647422132012332983989752182904660067133
78567218103625900993070
1303230538879649859813039214622446290642570
40115245757074970771122
-5978627445017623515466943006888287484078174
40653456613439199877800
-3291960564296768550867203024199586498737530
-72865810164624255577677
3074450636602392451956167626631264497861033
-77816723956159349795546
-1505664764514360437022602026652772873826260
49641149655826841885544
-2287700389405127365458057288908943873107584
-36442395876816039648522
7954558970881058973814853739679922191954131
98067084759353440462534
-6122856574265116314621597476117974284236229
8131896147794944945088
5870537837615692621557859908608906747729358
-76583506224333296156011
-8215913632599769374543920148518026587439416
5937182009729562569797
4984090733930709578094664008225846875078436
750259266447299234562
5178361457912152604929375601820667970653637
91803109950059141200521
-3172437427190370808003378878716349348249036
-51252895153135155972972
9761623157101885030002824446694858226304280
-2072919838952347003142
6027398150992156115091451538753555242864218
-36735717744205452654474
5538235523800658852149535809256763069903411
22159895358128054337631
-6425324525602694213957285600552743472206497
82396453869082513585229
738237255330199792619314398154677368911562
39033622470204884331243
-9896379311115235386998381890521567153930719
39894514306420497764996
-8585005618005412301853267355203065060112919
21003360542359234902493
-6853032309003348245054046701981493674207340
60764358369235038520487
9597910460681515866078202590046278507761336
-99966332245200906213023
4063364206783806810789093736566727912656576
61663596701249316318496
-8518187846338216507059860109733651725573712
89995287101270504149589
9208342135354027389459706043343433576069678
95591360001623941106368
1756770735346375611659395319837104778572746
87749886898248205477976
-774051563321453372994750463297440759398274
24038801490525694059920
7160914542434949117629676552985881208090794
-57725641580003617516748
-7397430449042776480716851535252842096551985
-22619213834911309379371
3836910245891032778301794155251474284651261
43244822663671684325718
-6073568099714341513734747935462187415819862
-91680823766106289251875
-8148259640480852642349658464329057621930242
-29855989229529566683615
-4197751004319871281108133319454708044725515
34002980049224630538691
-2978330581560644482229468755601283712624061
24025194685853954867858
-4127123079257544743670106653678524590550792
-52600691081280402094820
486045539784832867168314993875144850372884
84359386987394336340598
-6316646339279227540976483427818100505497639
-42810429271139048261030
6992242585641029789650146925542814177922784
30641127327382389274544
-9846942510798493126470957407886267087435760
80490808797909330719046
6876909750398871851652445075190678259708590
-29048845682575284745994
-5205392009129676724085549557817985287812465
-33392079261686813199282
7410044417282147159892336955936722917672245
-41705930825922550933807
-2957014264374661261132335404772894764387419
91277498962890751591880
-8770711798101493682959200562301512288047062
-40815492397749752826390
772498928613317554950376778398965615406361
99480322252410289621749
9110436145324534327806212721763600379093261
-47298484385732139797752
-5942884180288896589611481063205132907264064
-66472925707955908006371
6257828087954715598377130288344448006680792
-56550434013117890879859
-6603699078630691305690206704710264982086235
-3673309793121480790809
-8899400917728019751770688258917062526174413
87802398094083952117559
6970394478603468207627891611901645989564495
-17073845736450230265786
3157948280185822961864620328905603064246531
-4322700420621428713326
6442155042020331856038387906472542979062431
18878875872875066492560
-8714665669169989692790790061311555379093565
53659178281497683073317
3869791064327063486009408343453577992508971
-5461583008753144618647
541123999721946544428617309088256801594417
96033911709094305329685
6463761028393899930537563819077452763226187
-12143211194594117708070
7044056847450912619815629484912209537568063
-8722898926039013603802
7945860986056570416979280178072067507645347
-57560385745567055439534
4635879826398328846337727370870800691100198
-54376595137691085510881
-4626352409874416778858485897331909955929672
1636684583660649605318
27090599304014974683040050745925086270042
-91887236895529088934637
919890417039049024293421488481584630486791
-40925293263565657260309
-2410316333028432799427996780470917487545026
-69330541808081845151687
-5570939412339101977133597071626613495821839
-37775229993809910353639
5459567378435616780870652389505274498088653
-71009761837964723950411
7500558443189033396522876977225568575743350
71801423341279876672070
-4916698609652985172837408345721254469012827
-40669697016090664048233
6031248979289070055512324386389500292433016
57358586349351434530176
8402382537633348505486111355500264703923678
-96680099023228471604833
-8035363204414311314768684424684100907535826
30779446829859966440534
8153993498859174225093016655784083380281625
-9247600917164507670220
-9499698994704923732040122517712630937028666
-68215161438020043263690
-5809505355482045040515030777785367556838691
-20221660979647769599674
2163945418445136257744448993282520598539681
23016733707517799791725
3832167595160576741207577738535018019031804
19637941935473628951031
7359808906735727985526612964322498093494551
30863096907431996380711
-1586036904758885055535848546581412472148659
61108582474612317178043
-7812960713078782512935183492520081206887924
69561405183378365443416
-5421069512364957693405169026704371767404419
70007963787678021801982
-1440108898056746437909441112317162554291509
-19151838688143311674726
-9524750503386283316179378138100570589220327
52118177651576172035966
-9282293076952190518141745565665347196620114
-54115405491672751058554
1867789988914608221520883408776967817022648
-41579317209356653784375
1180109896772286995582003595312383365991223
-35519472532566086076549
9480501231868611457988896827408400418287824
-29495644706959600541792
-1311226290365047513313455544359240946534550
25554943420861744368980
2170973628540997947572366689271463297944099
-68455058408494528178947
-2375016716881235156999921091960924435985656
-51754498786758173113710
6323667017668530571114118778558810369774714
56913364344509875245112
3664146196807057360164976930160291638671392
-64497801052072410541025
9694738753682928678159474484911983007295814
7964399270498875707845
-1195051945251530406934392967069054660692774
44724654593232591929352
-2000725668177747225077351400904105949106620
55618013035918946139789
-7864319166062012502358440639820469247527831
-65849718259351551920087
2255300287653328496160212021932611070744457
-83797950558887344621927
2325190719373512469637319408726458167525020
-37505175624484896729945
-1225722684987863077694670491830571559688249
28183645215939484369110
-2427858835834690759106387121186387635851747
69755751892213282331859
9591753184872793866622979489922661859115494
-64491011771521410045460
-407967911777757342296509285245661884222543
24603015941209024936610
-5781916322159828686551218839988910604406935
-51327329462331340955776
2493587188387569512041371363891257598783806
49074398293223875682793
4104168980689455467955655261738918466200754
-29526324910249444276522
3646737364299318030054624041112588794103332
96446668902998137778498
9212790909867278787392367144452480741852748
-70153945794741523886836
-9737163941214410639917848006059144505679575
-96599240965742326998079
-5357071038535905270850177720674538395017287
20274188890325308685384
166974551088084543189960704319667619742561
-91419268013501175858392
-648619190612881148705886880208903645422961
-86823033539122573784261
-5655370855320571600976154949410317857990692
83843776589992955649426
3050735617511259729866833463603130044719212
-57071445328207691978276
3510477169996796638872946949956124484660069
-69764660063603510360972
-339004816166654792887704462605922662980116
-53582673140650371454930
1107550077888431962398497509680897090039913
-22232648996544352264449
-4049342579991745398378255382294528718944627
94480585344150984494444
-6595425690164997536384179200051502308953772
-64032246230076148183100
-2138805766573599211798990701031024273346987
-88518243267053596878461
1743063180733191859589980004203994002449521
39690427849313323279857
7765810389054282911357268294289876861456037
-49336627504225692349591
-2877821993410218923276569060338990420055879
-3992559623292049660697
-9972120147861096571175756540264348555260413
86962272411552735322839
5005654253405490085202444058594789872640861
-86394805273405173952459
-8525113106240951255789474755666880108689471
-9829726435039786971770
281898431372511676702420803633659005620937
-66774943988766064751723
6811540817456230916895607407739687621595299
71467624439683347285249
5403120089117624821166230122512668206362176
-32635542639555281180432
8767814488791997870494104518031571982590201
33824397397184363078590
6793510871807236257997094436232871389556883
18982913007648731654887
8470092682612784940066104724459548358182035
-34833660903910352034999
-3887816559942831573677356079753232794551509
29513568784628085141574
6439120105967211751160486103415590904421181
-7786403410103898575235
5348634273246509643028231698960467993122455
-64741914618460504841208
-4293094163098995262715995003382031130676023
71725062694326348926791
-4474316232280048882814835441642272377591852
-75078231988446940946247
-528854007522985047838119190968325582640139
-72347933576950506316949
-2206088867891247167607401718901155905739080
-31958564826131107533145
8042213878900045660150295964007893697983527
-91359104975173587174908
-6055308413465860753962671803805671125508213
66057246003129336120480
4953379429854791980936330769866924259969396
-4541912585574324933357
9898265862730368945338905287523379801783905
-24807129559043649889987
-7993351099637848748310691338014830561618477
64245980614195059846623
-4282966965849552633253171615928732727382767
-96256156917781820870362
4091108405429239336545767585647120742714941
15537958112645685166946
