-150433525849728048614
-92752779650389611491
93760664278020793618
83486831441090274859
140003272103896885753
1365519441867840307593
46834838239129198895
85831875022602306431
102185524594439920939
86365975847114695267
-196906341438583379677
-64467050341487216670
1511711251846830178599
-283984052935287725518
161159532915514022782
-124251957620112005931
-269404381086858540410
103710597200178581092
13757638768920351493
-2163270643527656526
13465311751219670242
15720376969129927416
63575489761940308211
32606964605120150883
21043055674696511415
-352215291112146421377
13174121492855700825
308211860709894955353
276567620789106669650
81667381298001301700
2473731457274020420569
504598514204570250626
-338058099152788044177
51136291989743121131
57799660145148699057
-77744502690086641135
-59875368694352423923
87095092244379265242
65389098206965981139
804242371933833983194
-97767304902003891966
-137011971809883671951
-422011516458545343845
184212463291181456891
-62635931981067524626
277608295036327186523
-92285423221199698764
-20225843552955708634
-76284199084669143931
63812751431807544696
-81235994705329904332
73305717791710688631
-83900669677751303188
-337417367342574979789
-13099385635618489423378
4237400872612227582
-39054869646491291567
61540240204280244136
365313095196113061927
-17267549533153509231
-99108726903485303563
-7263687880336401470
67724929576693623398
-46333201970923852256
-1213889444800309920644
222926779462864895823
-127024038905049216770
76117523989466044326
-94244819031311860416
80552252390016571708
-110684791586496587158
-34381317361235684449
-584232801481028284125
-14788898607015208552
4056132714565094149771
392382251397804562142
355872271696857500940
-15405020023119738879
-47075681711252643145
185888314441787758669
146369567255765285240
67542829418441447431
-731545519626154246385
143800262123945251331
209610060879594072296
-172252252258682428457
-41646934249941597762
-101838728374184910268
169968576511390499907
53122161876029785641
-542270042931510494345
-78670229628891976378
64236065292921097091
-89646771474498683841
71311121409729435865
-2059234076400066797
-32060268688096526405
214187847115219440500
-106196640128999800778
80068564876631196277
95071824357881999847
-390405147616326836855
-289977682128503039717
148105125948607610189
-110810605382279826569
232175671018416811019
-98545098949306323952
170182589013214206082
-93382505643480389156
80316612137099944624
-744361470795738248431
-71733139522533698246
92418619792409294801
63780926487359726483
24297736691162654213
-491483529534141996917
-670083889918553961348
10186268895664874262
115634274244530401023
65890771757295550611
175462678272026081592
-32347181018303825901
-49202240065931530291
-102406334577509959721
-144320847577835074879
-289133868017376387375
481996099541048441292
88638666734456993606
-79139002981141811738
-27297913236650923468
331267379139559106220
6742544445108645888242
-115174749767357431861
-64152130447201086091
-23517354815767865897
185928546487187887983
276769404456575912671
94142546479568547957
-185005116657633599761
-202939465711333117735
112367290472718704641
87291701265908569566
31214770288249356304
52046579246887648701
112313991122883850116
775940352592179879275
-76073661421564303557
-114935164677571341554
13386166536704409974
110957403087098459280
-58386747531599646202
14450999734795324105
-76737068047834432804
-30461011082618025476
-41152052637170770753
-107112373484649718095
72627522316202291103
-153666341940967029936
378963151143026439893
51166416553892844245
-45019211751947215200
775349127310371110392
-96674238249432670502
-178217568870252840231
-79454459502477784544
145421553454552536301
207537956217702618843
63192120089768131254
97409076124946021165
63183502809959833183
-137620533917060364360
-286381423527329326855
-5298325746711042779
-108453385358122816727
-68313828952092345179
6815000894328899087
-120430900784939570183
162053932362803606501
214952347125921964957
924726617175346172708
115153155962482789037
-20553921628712323940
-197741525776935574922
85869095630336556974
-265755350414713087540
-13145210545825662517
-59918027653687217887
62973608715266796692
29249692852300997911
104068665556680571716
-265535073248601144466
228625548252043766946
80402147608785626112
-14643200972725149589
-149564509327126579718
-43272419579369936059
-318279274007397258518
13185739061623216208
381361350196458977076
-130962382111949944379
-53462376406390559600
73930383800459960960
-92941417010759624625
-79427249555434680364
125803526714907383979
98704453446984064345
125204706640954538730
51714374864996802414
-585787374037796620034
-129914537963911105078
4421144330304905116
-15314339941340187385
436862335229752245026
-1074821759693534955085
338253694472587668317
92101499347498564245
57796149335442534384
79084523722426510911
103438634770490686890
-99870545769694309730
86829295489557834529
260775483375473102953
-49653521469927461939
-242739330007495290449
-75138766919377667163
1069487118880300769856
-315427684798674850911
107510010411465079732
203107511670684651305
-117596696021154490384
36012241822843842023
-176568102324108493124
-110685756307859640500
-33439625481752593445
296313694030313738630
-85668649109073888353
-60234687139771411411
356952894510639859774
98254246995387655664
23615239094730551087
-27728899667481887244
115911829694730730963
-42730844603801451884
10400706751401706163
67758762077316661639
10633693290734317083
-94553578100189026741
-122825278784084059572
8794374505913232339
112569865782395858151
-115221146390271177305
202846830415453481281
106809966711856003055
-97882517931533036165
-108757569633371683994
-74174469542487646887
73026473871048045800
9329511718597461982
985154398537779696235
65189079876428033356
51167455708311619769
-8907485383215962821
-306415212693455778907
-49518042431162054188
95856692143399163017
-32400489407333592469
-325987407304731582243
-102802340038843021963
-83225999616495117885
181308953081106489485
-31943329417281676006
-79615443342250924643
-78564875705187647770
44218108974654134645
263443448947331559104
62907132345430611689
-157351418955885372192
-46291730459400697190
83924083171863309408
106530623323702512197
82341160162217835494
-217629024425543031978
30834643377526584700
111667917259019628199
33276564925447624223
-90361511185827768573
-94747917135666048136
108526111351095925762
230210342785185180896
-191600518254892713735
224378583204831419540
-136768244078435856548
11018319034992090277
-104370364084524675915
313526905549368419328
91735991584015633880
-166802230959242274860
-221476062389270481138
-35657464970176769534
55856332447273151566
80988008482568137048
714087772946609107124
-556196007537637329382
-27579927591944658948
-117585592842803066385
69422494896377002776
6549838304405523300
13246039794040522991
-494287698664380603418
450614287244217720592
648082196085538347123
25487681527378606236
-235841138705747111519
-100476137566283714335
81149153912597393803
64749142061336254474
-83940082385620920007
349367807110120823940
-12910208417478956556
46917913706997860458
2594415022342843470521
-996385523598719041218
3037510238553250565
10212162867428204582
372641440314658603128
56819700661941228735
-6346482101406818594452
-80222912935828723936
-265856209568538554771
-256554785367712847029
273587906114592756913
75768005578280040263
103152807167309583996
-744966412741332984673
-272164236368333391765
95768643700640316432
416100232087844320664
135727293014170273225
-547642621901239279743
-31220984933798749471
-813384555813292395188
-85674823566426919082
9278021329560523805
156531019270975957020
-624466040454992856194
-10477466770671919346
-50261219552975615149
91493606896494247670
-59752418943893487650
-281145726760050081740
160642238862034586217
87894568932964525649
169593353125884302514
-7975525387375355664
30648355197048233780
-44370395170577669916
-31743257491237787971
-128280468616799177443
449690724238741065957
168545079416739237777
361806622589830639479
48071075884463138690
1950175948609667537843
-140770177444154886466
774213228157387117219
281916522160463067843
9530126768449583749
86060532203615062679
-89743192315847705732
-82951816008572298715
-44999401105076333199
-1302321070701495196496
163457779989787284187
1935899668118808743216
53208837902580011929
529879665300958997997
156306842590669584617
57398324299644271882
188204426160707286616
-37905450149575983022
147848740548754115614
-85528644991645421791
-14882153761253510670
-51261870603512372895
23143114255493346015
447001308652072077114
-252487341060338166866
-43658748998995054443
-93547987856314451789
-136788221843815391552
23283882404084722075
-196870789787962422321
230366497763429509477
-225353564597982812299
42962577015555269583
4682668440500544816
-23041557344512895109
-340438631687463564757
-13001073300010394222
-857353638249289965997
-34758598762181503457
-798164513345021201007
-142781870623798763791
20011830303087463199
-18071803479180437595
-58358368117951505956
-952235988694576201706
289919021003525641581
1068725069045884503
49607587340637116040
178453374498933775190
425269884515451702535
157330954448268605647
74605475072515326519
-46485194882964320474
-95432285547703358831
-328723877054034038953
-169689720904144329467
-104783187694232326464
51400026005896169777
88856876641894794881
61322207170180789038
-14567770583239463708
-48642224281115436703
-86159224442034897992
68724091896070947094
26098463428342782592
8266885285028244381
-339204219342179375369
-3454155446289155262
313292597144838411374
-62545046403056595783
-43194075885410992240
-25611037992900022707
240828210951751852039
-97969814916216468829
-80223527913502045892
248006218446971895412
241663986782383199853
-86687317317153717479
-143972147673690703412
-37368030734039189022
-71761682607715368707
1032715701639959192355
-164146835555616692322
-230134164193450806542
-83761545337167150409
-125202368419051629532
-1099159922880915137796
82365409417119917540
13278823608992416918
-305386295384852773662
202316833167864704997
-695930590494565574669
477207291688180281098
160884865173435845480
4177734164328701091
26933763637689697996
118837435651808394544
94633326852246778191
1490888024338080033
34452947411323801397
385851786761013918230
54002620262787566073
-126967966020117749510
-274174238654993919220
-136780874369059191393
95776108456075501193
-246994008688484038586
-53786568447541870716
-39390821380112248326
-555932346836457867237
2271301908381239055
-64896326415136680853
367570411905804024625
84901749025267276714
-385602124971549384975
-96276399693427322915
26524378767872302112
225109012589377974983
409907662749811242421
-83694225954346207222
-38911391873624995572
222514277535021449718
248107062910236733082
-185247104828219609610
126438372011782560045
12492793639779218698
-101928703517858643256
99155304280661835836
135120390288848316835
64706180899754906614
-37002701530237483352
238417311397930854480
34542306625881125069
-500520824490329745500
233377071552037504682
3787437203284758229
59720018396029550118
12341229272496123203
-55972717825168921901
-62541654217044080025
-160959766148618578344
90368417824711283250
7226100196673333525
3061924103739410060
769273582252053884845
38305175202636129922
-142050725215436672241
-111965989302942028350
40105787006858931725
3044225360413638234443
176486056378108257700
102423762108774309256
99698512485793425852
12084200428297231606
-338950546241491832452
-68682591719968607520
36793952853602262458
-98918933211326053312
-173141829380256460590
-289217036543307203671
390834682990303713033
-52278254183985810366
-165788405536976843471
57340755817492052722
-12658916589846779154
14928773653548464120
39878876895014309853
-858618960209870490947
31969897273987508783
138191664311391618921
-3295920325269384355
113671095487948232363
-120800732373458873626
539969722745517583793
64692778068234967657
-66710431406389110786
-8170234588789098770
-81246510082281547827
-80430789091864590175
581664032887245481
107026927128877883359
349044095056585738164
34854162451266374351
-203752622797936118748
359318075394005850046
84523081926474597010
34615938393587765525
-106009277511259506988
71813067250420417236
48794687707250609552
-16452158086944933781
-75388841738918197866
74872610181894806269
106169000216818216996
-1069046765309705790822
-137458304617593168008
650625234208998956650
93519503512538920722
18411601884960754652
39908940540439769445
69020096815773074068
9843711475385177882
-108053746888355733719
209631445591991972181
-6918296306494437526010
4935286095619603562
-146254749673009099557
-88707252668929107091
286129746133468107346
104802119382077220843
101875202328650488710
80844674066864170800
300770203414792290166
80633097083351884514
-154447196032134068443
38915125512243805994
-150261059496201245656
124991456610460971283
-119338715400275702000
267354566865502161685
61877956740370652655
136130202600668143243
151316248674678571845
11491831747588990904
-247152505424320473862
22245990436811431458
8900273324579886811
-347798561031283989446
-92225412958574011828
2074196178142896746272
42904246024892273958
64285836963135619943
117649177097351851636
121506146803340002506
483697653447986867201
116379189315287734922
-178100755193911643073
165148433594279558666
-1379294323925391947630
32138202106278018456
-47023278825231517157
865281312299472063
13052945888955608270
-102940284633704549223
258331379579523392143
-223900236011644655895
242832627119750489590
32652807928854012721
96138978923110587973
34747377022707924537
42520984405774960919
42619596563575633997
-493867296108797939038
182872209829305386764
98381271427789016428
145024720619722530380
-196623776480875299107
85369549276988076847
182268232097821725313
-51597326485193467442
-149526598222049910397
60608882658030624700
-154619172658014722331
221405004755923899045
74203167669675932821
4141374584014581492
73298550226596790007
-96822537122782853510
-67599238830010360490
-144168403608891509253
227225428835034384620
194198114559912664419
400952464290145246114
-368751674895465969729
64665556575649021710
-66185506527427113099
-163843395358788052895
-74288722120715660573
-30084810257048000076
-105159139199008648998
-2504363363237200669
-97584056685814151215
-137199548259337406046
1035743356410752077804
40943204917298272853
-120603276430466552866
147744187788426406742
-21865293217037844543
406550219901331432851
-8452403060127270221938
-100179874606986655338
252951471459276743392
124612667140752980998
172869547552592821220
-17278122254769096370
10523175459356819764832
-29407620549136521047
-66958671157223987388
-1205172104162524645829
228935435337858045942
-234502882401325117905
92220656375058429718
44101446167998017953
-441652571248499816010
567264977366540312298
95834187921906422988
-207672704105243040477
1058391655617853356999
-34352168037199767291
-218181603027106795515
-217308548328880325040
613438563800851531758
-78485658016908166134
2298682703342378544715
-19716519813797559560
-144383562741667842660
19643404141969258540
-340893443213561765271
110277599274079737792
101001386021689061554
191202216524184335154
-34353645896543903737
27409251750693611687
-810655625022189184985
61300760915585646951
-33751811793676733169
-389524123032455837098
249584121830865176726
-178107113105128859624
107296187779851805052
-170768586283961604502
124500438561083475769
-182786480594713698312
335324335257310675077
-464981313357920043573
34166790105967561989
107286462269055794181
152383276689422959557
52133583310154780180
67597767958073187691
-135984880297324921027
-327226729069142741670
1779382164086445928195
577529236065716668120
130502575172620868094
285392372959602648003
-18723660470261795549
198247578659316468631
-117758043029040587593
-46121414508570197212
52769122060521916931
604074707846829299327
28613243738084128652
-3684396383749451858796
65939624404317478075
35063076745585717994
40348374530505063855
-135040167506008105916
-805776727447958942516
235377216033904199461
-70281621442494453416
8160741700604425700395
-80243680500813531263
2370104866020478871486
94797067191964282294
-3673337543275890843502
77271441116494079654
-105964127903274477194
59064096835821962326
-90861677129910182145
-59256280719534601182
255459911227344321493
-77155556249465416581
-41834365548484032477
-92854223413678555622
176937591921431489486
-2363631956808131016943
-137566756378913308417
57261331847223781679
-62702523928102135174
76508365233102332271
-83011827967997977334
-22947103514545943038
187457380740318893038
126565405333555307867
-83723545745586169284
38698985489923152424
49991465487446377370
-55284404921700917746
29733021739371646842
117993332690021539652
-513460329116657043958
-89668347644536020842
71271015368460122204
11329923602725242360
217233272665823970624
43672860247085452025
401156451562704828542
-189360768513236193991
-218793508010846726526
-6497424609522382618
297908736261566848864
-2560986073331101611304
-113580422430686113652
83304815079353951517
225432974554157397883
3393334434960917178456
25596178196312625616
-10960704114888540288
157663828501557318894
27744349897950368051
36378941609839692743
33110586160880451796
-2802371284098617658
170701443466930158894
68344536079166301456
-13861494121453144739867
52049294646325050402
-583501813313461111496
49189903858712598350
44255933215287923312
-1198118068249048475698
-79679808911670247804
-135317482584868754180
1975294659506671947344
-2267415565044007904834
25824133162784517113
41515075820492135925
-89828445480591708748
104395434928117027404
-44933240603668767886
569359088404749701295
-222463808063419750421
160107284585630908119
16076475685185564071
204015676812628590215
927449486305821312539
112025202463990396724
-82791463677841303557
208113225950241356383
78894398668973410945
-54776977071743578446
2174354722003618964700
-32002321540372299416
-222148321350327886202
193343950163205655230
-430704915966290946963
-80594222069710884970
104675081149741087738
-123226878406470335544
90736096351137836826
225577717747717253970
-25398436239498295363
-86518513631038736080
-153779317961664353993
-61955472986481420696
-122666840625007902142
453282219561449141195
7758041566449327785096
44945452390116153407
172885759157409829987
-2007768325392045461096
-155947564108367197
193738141396643190954
2322354990863510944769
-10721176725052057387
-295354764478300312039
-210837596680253264691
58539385213462478444
-30180815216392189670
45260993106193454059
-39071607520468763377
2673991907468268079313
407967027553497916526
-688099706429810833883
-95017101852033586788
80102224264891769776
255316031449981587383
80886019888444918410
289512642801756571793
169525138303619198333
52664140021372300221
80950515066792328525
58440398585269219852
-91190119215398732625
28458155418908048082
32850337825941255409
84117683146568293740
223166383675726601018
156348058735194545053
107048498157727321273
-125554584346871907575
88257649597219358551
66982738464671941274
32487163278809132789
-147063200599803652808
45178397891402132629
-39508867506867635450
-30330980949342832289
62775795453682531292
81113443826751148593
-752943281982935518013
-76655380865160944238
-1383806933851098589722
6643157847995482347847
56407255274131555846
61897721440157742911
-4709117532511728058667
-164074598813110005075
249921555778885159159
-77980595327703274020
18912855343971995046
-248063661963733775794
-408744381676032891183
-112780460337634944287
-96011429499478147763
65895673041424816388
-94651488102402657913
96330276451737821218
20020205124406227551
-32200089660315505902
-124050843722722992413
327041890272300970487
88725308824408102049
66246875303052130114
272918762725894871345
-123452444410547849510
-123966969695953674434
78461385096256089375
5761605876266760129
147549240846730753531
228197954694454879359
-122336235128677918506
-236736076384747039123
155887028427792622187
-177673637071214659315
-32395873002357873103
214886830535579724281
7765344051190996486
-192615815572998568579
89403078275786105851
-110659240678915032806
1797751741766120895870
-101357150953803544349
-408249821756481505432
-730549881532581036223
341236156506348977674
-162407736164959296417
-708547514177674243023
5634717883419328628
-532294211540306552752
-807536222439018058339
-138043914805913395712
-85255058994765435903
-2826660955971737367999
-294824398026197569
-22477307886709634497
34765577625234464624
147475989246180408994
-76884744253806364540
104462531439496311236
120893416238329236298
105149888851074633267
-86909122172233009701
-261062625616097495131
-881741499433060037758
139260815256389930802
287291205273842828353
94016181702547196195
195140998366952973417
238466312334438713288
-25954405102062500961
-112317465302522128687
-77435040516334951231
75194289253715450800
-182752945950293279936
171527737667613794191
-44921131809598276510
-33224308038085343756
-321420376671124399270
-51310083875772922274
-31713852548135489334
45890053474711715320
111110405974067856374
-56810404960144340892
1217259258911522099486
-26720205133397652641
-35972620361062676077
119428288745110502571
-26913549467638364660
-61996529296493517876
-43490566092374945143
-34805141798001442971
-148730077593672003148
-16582028510351371838
112647908681925958192
50812384361559875617
-139000332522412205298
37810920851678638740
-131322490923352097026
100799590595826421175
-264231090452760825698
-1826470006994860760
7470588899898463962
-67451289592739548036
-53454675976173792381
-50318845770857930227
6326761923146189035
-49816379418421071692
-42858991243987125687
103001629311375075111
24162316011186143991
43916462360920311216
-157404564963203851853
720796247254868014236
-114671798141009981684
-57939296669106280184
867278775516243027533
-4221619885146396846
95309461743827495222
-165559376437910890874
259215689368699740267
357875046315070087649
-243158268835933650279
-131729801580884073495
-826969753148365423832
-82614706481377374251
-59854868045149731170
59595386222847627780
7309870253038904431
69029660120639262749
-88028597489932502753
-91667588036882464941
-1090593298864301470753
-399008915528555056477
-124417917249001083299
44495511798875292650
263297685305230659811
